
** DBG FLOW LAST! PS=2 PL=24 CI=2 FL=1 adr=2 cmd=0 UL=2 series[1976] frameBytes[240]
240202220e0000000000000000000000000000000000|4022
DG[1992]** DBG FLOW FIRST PS=2 PL=24 CI=3 FL=2 adr=2 cmd=0 UL=19 MCI=10 RI=0
** DBG FLOW LAST! PS=2 PL=24 CI=1 FL=1 adr=2 cmd=0 UL=8 series[304] frameBytes[312]
1402088339c0e29b1862440000000000000000000000|4e29
DG[368]** DBG FLOW FIRST PS=2 PL=24 CI=2 FL=2 adr=2 cmd=0 UL=19 MCI=11 RI=0
** DBG FLOW LAST! PS=2 PL=24 CI=0 FL=1 adr=2 cmd=0 UL=6 series[304] frameBytes[384]
0402066abb6a5056ac00000000000000000000000000|6ec7
DG[352]** DBG FLOW FIRST PS=2 PL=24 CI=1 FL=2 adr=2 cmd=0 UL=19 MCI=12 RI=0
** DBG FLOW LAST! PS=2 PL=24 CI=2 FL=1 adr=2 cmd=0 UL=4 series[152] frameBytes[432]
240204d294aefa000000000000000000000000000000|73e3
DG[184]** DBG FLOW FIRST PS=2 PL=24 CI=3 FL=2 adr=2 cmd=0 UL=19 MCI=13 RI=0
** DBG FLOW LAST! PS=2 PL=24 CI=0 FL=1 adr=2 cmd=0 UL=2 series[152] frameBytes[480]
0402025e320000000000000000000000000000000000|65d5
DG[168]** DBG PPP-RTK-AdV SYNC MSC=14 CI=1 -> FEC
** DBG: snr(10)=13.1
** DBG FLOW FIRST PS=2 PL=24 CI=2 FL=2 adr=2 cmd=0 UL=19 MCI=15 RI=0
msc quality fe=100 rsE=88 aacE=100
** DBG FLOW LAST! PS=2 PL=24 CI=0 FL=1 adr=2 cmd=0 UL=7 series[2736] frameBytes[960]
04020736c08abd11bcb8000000000000000000000000|21a1
DG[2792]** DBG FLOW FIRST PS=2 PL=24 CI=1 FL=2 adr=2 cmd=0 UL=19 MCI=0 RI=0
** DBG FLOW LAST! PS=2 PL=24 CI=2 FL=1 adr=2 cmd=0 UL=6 series[152] frameBytes[1008]
240206c045d2c50d2800000000000000000000000000|7cbd
DG[200]** DBG FLOW FIRST PS=2 PL=24 CI=3 FL=2 adr=2 cmd=0 UL=19 MCI=1 RI=0
** DBG FLOW LAST! PS=2 PL=24 CI=0 FL=1 adr=2 cmd=0 UL=3 series[1976] frameBytes[1344]
04020377898900000000000000000000000000000000|0825
DG[2000]** DBG FLOW FIRST PS=2 PL=24 CI=1 FL=2 adr=2 cmd=0 UL=19 MCI=2 RI=0
** DBG FLOW LAST! PS=2 PL=24 CI=3 FL=1 adr=2 cmd=0 UL=8 series[304] frameBytes[1416]
340208bb3a402a4d19dba00000000000000000000000|c8b0
DG[368]** DBG FLOW FIRST PS=2 PL=24 CI=0 FL=2 adr=2 cmd=0 UL=19 MCI=3 RI=0
** DBG: snr(10)=13.1
** DBG FLOW LAST! PS=2 PL=24 CI=2 FL=1 adr=2 cmd=0 UL=6 series[304] frameBytes[1488]
240206d87df97c6a8900000000000000000000000000|0a31
DG[352]** DBG FLOW FIRST PS=2 PL=24 CI=3 FL=2 adr=2 cmd=0 UL=19 MCI=4 RI=0
** DBG FLOW LAST! PS=2 PL=24 CI=0 FL=1 adr=2 cmd=0 UL=4 series[152] frameBytes[1536]
040204b13452dc000000000000000000000000000000|3078
DG[184]** DBG FLOW FIRST PS=2 PL=24 CI=1 FL=2 adr=2 cmd=0 UL=19 MCI=5 RI=0
** DBG FLOW LAST! PS=2 PL=24 CI=2 FL=1 adr=2 cmd=0 UL=2 series[152] frameBytes[1584]
240202aee40000000000000000000000000000000000|e2b9
DG[168]** DBG FLOW FIRST PS=2 PL=24 CI=3 FL=2 adr=2 cmd=0 UL=19 MCI=6 RI=0
** DBG FLOW LAST! PS=2 PL=24 CI=0 FL=1 adr=2 cmd=0 UL=14 series[152] frameBytes[1632]
04020efe00810120a4f00730eb5407617b0000000000|44ec
DG[264]** DBG FLOW FIRST PS=2 PL=24 CI=1 FL=2 adr=2 cmd=0 UL=19 MCI=7 RI=0
** DBG FLOW LAST! PS=2 PL=24 CI=0 FL=1 adr=2 cmd=0 UL=11 series[2280] frameBytes[2016]
04020b8000011e00005b274452970000000000000000|71b7
DG[2368]** DBG FLOW FIRST PS=2 PL=24 CI=1 FL=2 adr=2 cmd=0 UL=19 MCI=8 RI=0
** DBG FLOW LAST! PS=2 PL=24 CI=2 FL=1 adr=2 cmd=0 UL=10 series[760] frameBytes[2160]
24020afc5ebcf620d23dbc7626000000000000000000|901b
DG[840]** DBG PPP-RTK-AdV SYNC MSC=9 CI=3 -> FEC
** DBG FLOW FIRST PS=2 PL=24 CI=0 FL=2 adr=2 cmd=0 UL=19 MCI=10 RI=0
** DBG: snr(10)=13.1
** DBG FEC frameBytes[2256] MSC=10 PI=1 Status=000000000000


** DBG PPP-RTK-AdV SYNC MSC=3 CI=0 -> FEC
** DBG FLOW FIRST PS=2 PL=24 CI=1 FL=2 adr=2 cmd=0 UL=19 MCI=4 RI=0
** DBG: snr(10)=13.1
** DBG FLOW LAST! PS=2 PL=24 CI=0 FL=1 adr=2 cmd=0 UL=7 series[2888] frameBytes[480]
0402079680d860dede21000000000000000000000000|7dfa
DG[2944]** DBG FLOW FIRST PS=2 PL=24 CI=1 FL=2 adr=2 cmd=0 UL=19 MCI=5 RI=0
** DBG FLOW LAST! PS=2 PL=24 CI=2 FL=1 adr=2 cmd=0 UL=5 series[152] frameBytes[528]
24020552f7db7b100000000000000000000000000000|3d19
DG[192]** DBG FLOW FIRST PS=2 PL=24 CI=3 FL=2 adr=2 cmd=0 UL=19 MCI=6 RI=0
** DBG FLOW LAST! PS=2 PL=24 CI=0 FL=1 adr=2 cmd=0 UL=16 series[1976] frameBytes[864]
040210890a3b670c5562ef8c66c07d99ee1fdb000000|f3c3
DG[2104]** DBG FLOW FIRST PS=2 PL=24 CI=1 FL=2 adr=2 cmd=0 UL=19 MCI=7 RI=0
** DBG FLOW LAST! PS=2 PL=24 CI=3 FL=1 adr=2 cmd=0 UL=8 series[304] frameBytes[936]
3402082b3680fbde1a18d10000000000000000000000|3f99
DG[368]** DBG FLOW FIRST PS=2 PL=24 CI=0 FL=2 adr=2 cmd=0 UL=19 MCI=8 RI=0
** DBG: snr(10)=13.1
** DBG FLOW LAST! PS=2 PL=24 CI=2 FL=1 adr=2 cmd=0 UL=7 series[304] frameBytes[1008]
2402077a84aace54fc81000000000000000000000000|2505
DG[360]** DBG FLOW FIRST PS=2 PL=24 CI=3 FL=2 adr=2 cmd=0 UL=19 MCI=9 RI=0
** DBG FLOW LAST! PS=2 PL=24 CI=0 FL=1 adr=2 cmd=0 UL=4 series[152] frameBytes[1056]
04020490ab425e000000000000000000000000000000|cc9e
DG[184]** DBG FLOW FIRST PS=2 PL=24 CI=1 FL=2 adr=2 cmd=0 UL=19 MCI=10 RI=0
** DBG FLOW LAST! PS=2 PL=24 CI=2 FL=1 adr=2 cmd=0 UL=2 series[152] frameBytes[1104]
24020259860000000000000000000000000000000000|25ff
DG[168]** DBG PPP-RTK-AdV SYNC MSC=11 CI=3 -> FEC
** DBG FLOW FIRST PS=2 PL=24 CI=0 FL=2 adr=2 cmd=0 UL=19 MCI=12 RI=0
** DBG FLOW LAST! PS=2 PL=24 CI=3 FL=1 adr=2 cmd=0 UL=7 series[2888] frameBytes[1608]
3402072d803b67179008000000000000000000000000|38f6
DG[2944]** DBG FLOW FIRST PS=2 PL=24 CI=0 FL=2 adr=2 cmd=0 UL=19 MCI=13 RI=0
** DBG FLOW LAST! PS=2 PL=24 CI=1 FL=1 adr=2 cmd=0 UL=6 series[152] frameBytes[1656]
1402060af7c80383fb00000000000000000000000000|ba28
DG[200]** DBG FLOW FIRST PS=2 PL=24 CI=2 FL=2 adr=2 cmd=0 UL=19 MCI=14 RI=0
** DBG: snr(10)=13.1
** DBG FLOW LAST! PS=2 PL=24 CI=3 FL=1 adr=2 cmd=0 UL=16 series[1976] frameBytes[1992]
34021044851db3862ab177c633609badf5eba0000000|aa62
DG[2104]** DBG FLOW FIRST PS=2 PL=24 CI=0 FL=2 adr=2 cmd=0 UL=19 MCI=15 RI=0
** DBG FLOW LAST! PS=2 PL=24 CI=2 FL=1 adr=2 cmd=0 UL=8 series[304] frameBytes[2064]
2402085b32c0572bbf4e2a0000000000000000000000|634a
DG[368]** DBG FLOW FIRST PS=2 PL=24 CI=3 FL=2 adr=2 cmd=0 UL=19 MCI=0 RI=0
** DBG FLOW LAST! PS=2 PL=24 CI=1 FL=1 adr=2 cmd=0 UL=7 series[304] frameBytes[2136]
140207ba841340a34ae1000000000000000000000000|986e
DG[360]** DBG FLOW FIRST PS=2 PL=24 CI=2 FL=2 adr=2 cmd=0 UL=19 MCI=1 RI=0
msc quality fe=100 rsE=88 aacE=100
** DBG FLOW LAST! PS=2 PL=24 CI=3 FL=1 adr=2 cmd=0 UL=4 series[152] frameBytes[2184]
340204f75d7ac1000000000000000000000000000000|6c92
DG[184]** DBG FLOW FIRST PS=2 PL=24 CI=0 FL=2 adr=2 cmd=0 UL=19 MCI=2 RI=0
** DBG FLOW LAST! PS=2 PL=24 CI=1 FL=1 adr=2 cmd=0 UL=2 series[152] frameBytes[2232]
140202c72a0000000000000000000000000000000000|37b6
DG[168]** DBG FEC frameBytes[2256] MSC=2 PI=1 Status=000000000000



** DBG PPP-RTK-AdV SYNC MSC=11 CI=3 -> FEC
** DBG FLOW FIRST PS=2 PL=24 CI=0 FL=2 adr=2 cmd=0 UL=19 MCI=12 RI=0
** DBG: snr(10)=13.2
** DBG FLOW LAST! PS=2 PL=24 CI=3 FL=1 adr=2 cmd=0 UL=7 series[2888] frameBytes[480]
340207b3002ca80f1393000000000000000000000000|4c56
DG[2944]** DBG FLOW FIRST PS=2 PL=24 CI=0 FL=2 adr=2 cmd=0 UL=19 MCI=13 RI=0
** DBG FLOW LAST! PS=2 PL=24 CI=1 FL=1 adr=2 cmd=0 UL=6 series[152] frameBytes[528]
140206a8e60196fc0300000000000000000000000000|902e
DG[200]** DBG FLOW FIRST PS=2 PL=24 CI=2 FL=2 adr=2 cmd=0 UL=19 MCI=14 RI=0
** DBG FLOW LAST! PS=2 PL=24 CI=3 FL=1 adr=2 cmd=0 UL=16 series[1976] frameBytes[864]
340210890b3b670c5562ef8c67003f730d35d7000000|8d1c
DG[2104]** DBG FLOW FIRST PS=2 PL=24 CI=0 FL=2 adr=2 cmd=0 UL=19 MCI=15 RI=0
** DBG FLOW LAST! PS=2 PL=24 CI=2 FL=1 adr=2 cmd=0 UL=8 series[304] frameBytes[936]
240208633a8063768dcaf80000000000000000000000|e210
DG[368]** DBG FLOW FIRST PS=2 PL=24 CI=3 FL=2 adr=2 cmd=0 UL=19 MCI=0 RI=0
** DBG FLOW LAST! PS=2 PL=24 CI=1 FL=1 adr=2 cmd=0 UL=7 series[304] frameBytes[1008]
1402077a7c41c0f86d12000000000000000000000000|388f
DG[360]** DBG FLOW FIRST PS=2 PL=24 CI=2 FL=2 adr=2 cmd=0 UL=19 MCI=1 RI=0
** DBG FLOW LAST! PS=2 PL=24 CI=3 FL=1 adr=2 cmd=0 UL=4 series[152] frameBytes[1056]
340204e5571546000000000000000000000000000000|20aa
DG[184]** DBG FLOW FIRST PS=2 PL=24 CI=0 FL=2 adr=2 cmd=0 UL=19 MCI=2 RI=0
** DBG FLOW LAST! PS=2 PL=24 CI=1 FL=1 adr=2 cmd=0 UL=2 series[152] frameBytes[1104]
140202f47c0000000000000000000000000000000000|1cd5
DG[168]** DBG PPP-RTK-AdV SYNC MSC=3 CI=2 -> FEC
** DBG: snr(10)=13.2
** DBG FLOW FIRST PS=2 PL=24 CI=3 FL=2 adr=2 cmd=0 UL=19 MCI=4 RI=0
** DBG FLOW LAST! PS=2 PL=24 CI=2 FL=1 adr=2 cmd=0 UL=7 series[2888] frameBytes[1608]
240207b4000565f761df000000000000000000000000|8577
DG[2944]** DBG FLOW FIRST PS=2 PL=24 CI=3 FL=2 adr=2 cmd=0 UL=19 MCI=5 RI=0
** DBG FLOW LAST! PS=2 PL=24 CI=0 FL=1 adr=2 cmd=0 UL=6 series[152] frameBytes[1656]
04020638e4145cfb0a00000000000000000000000000|0ffc
DG[200]** DBG FLOW FIRST PS=2 PL=24 CI=1 FL=2 adr=2 cmd=0 UL=19 MCI=6 RI=0
** DBG FLOW LAST! PS=2 PL=24 CI=2 FL=1 adr=2 cmd=0 UL=16 series[1976] frameBytes[1992]
240210121676ce18aac5df18cd805806a9bd7a000000|92a8
DG[2104]** DBG FLOW FIRST PS=2 PL=24 CI=3 FL=2 adr=2 cmd=0 UL=19 MCI=7 RI=0
** DBG FLOW LAST! PS=2 PL=24 CI=1 FL=1 adr=2 cmd=0 UL=8 series[304] frameBytes[2064]
140208bb3a8058c5993d4f0000000000000000000000|e0b6
DG[368]** DBG FLOW FIRST PS=2 PL=24 CI=2 FL=2 adr=2 cmd=0 UL=19 MCI=8 RI=0
** DBG: snr(10)=13.1
** DBG FLOW LAST! PS=2 PL=24 CI=0 FL=1 adr=2 cmd=0 UL=7 series[304] frameBytes[2136]
0402073a808ea85aad13000000000000000000000000|45a3
DG[360]** DBG FLOW FIRST PS=2 PL=24 CI=1 FL=2 adr=2 cmd=0 UL=19 MCI=9 RI=0
** DBG FLOW LAST! PS=2 PL=24 CI=2 FL=1 adr=2 cmd=0 UL=4 series[152] frameBytes[2184]
240204650f76a3000000000000000000000000000000|68b1
DG[184]** DBG FLOW FIRST PS=2 PL=24 CI=3 FL=2 adr=2 cmd=0 UL=19 MCI=10 RI=0
** DBG FLOW LAST! PS=2 PL=24 CI=0 FL=1 adr=2 cmd=0 UL=2 series[152] frameBytes[2232]
040202c5f40000000000000000000000000000000000|391b
DG[168]msc quality fe=100 rsE=88 aacE=100
** DBG FEC frameBytes[2256] MSC=10 PI=0 Status=000000000000
